TpTrace Verbose: 0 : 12572, 1, 2023/07/02, 13:13:01.735, 1473227638791, vstest.console.dll, Version: 16.11.0-release-20210626-04
TpTrace Information: 0 : 12572, 1, 2023/07/02, 13:13:01.753, 1473227808029, vstest.console.dll, FilePatternParser: The given file D:\Learnings\JSONFormatting\Master\JsonParser.Test\bin\Debug\netcoreapp3.1\fine-code-coverage\build-output\JsonParser.Test.dll is a full path.
TpTrace Verbose: 0 : 12572, 1, 2023/07/02, 13:13:01.770, 1473227974061, vstest.console.dll, TestPluginCache.DiscoverTestExtensions: finding test extensions in assemblies ends with: RuntimeProvider.dll TPluginInfo: Microsoft.VisualStudio.TestPlatform.Common.ExtensionFramework.Utilities.TestRuntimePluginInformation TExtension: Microsoft.VisualStudio.TestPlatform.ObjectModel.Host.ITestRuntimeProvider
TpTrace Verbose: 0 : 12572, 1, 2023/07/02, 13:13:01.771, 1473227979881, vstest.console.dll, TestPluginCache.GetExtensionPaths: Filtered extension paths: 
TpTrace Verbose: 0 : 12572, 1, 2023/07/02, 13:13:01.771, 1473227981410, vstest.console.dll, TestPluginCache.GetExtensionPaths: Added default extension paths: C:\Program Files\dotnet\sdk\5.0.400\Extensions\Microsoft.Diagnostics.NETCore.Client.dll
C:\Program Files\dotnet\sdk\5.0.400\Extensions\Microsoft.TestPlatform.Extensions.BlameDataCollector.dll
C:\Program Files\dotnet\sdk\5.0.400\Extensions\Microsoft.TestPlatform.Extensions.EventLogCollector.dll
C:\Program Files\dotnet\sdk\5.0.400\Extensions\Microsoft.TestPlatform.TestHostRuntimeProvider.dll
C:\Program Files\dotnet\sdk\5.0.400\Extensions\Microsoft.VisualStudio.TestPlatform.Extensions.Html.TestLogger.dll
C:\Program Files\dotnet\sdk\5.0.400\Extensions\Microsoft.VisualStudio.TestPlatform.Extensions.Trx.TestLogger.dll
TpTrace Verbose: 0 : 12572, 1, 2023/07/02, 13:13:01.771, 1473227982044, vstest.console.dll, TestPluginCache.GetExtensionPaths: Added unfilterableExtensionPaths: 
TpTrace Information: 0 : 12572, 1, 2023/07/02, 13:13:01.772, 1473227994105, vstest.console.dll, AssemblyResolver.ctor: Creating AssemblyResolver with searchDirectories C:\Program Files\dotnet\sdk\5.0.400\Extensions,C:\Program Files\dotnet\sdk\5.0.400
TpTrace Verbose: 0 : 12572, 1, 2023/07/02, 13:13:01.774, 1473228012859, vstest.console.dll, TestPluginCache.DiscoverTestExtensions: Discovering the extensions using extension path.
TpTrace Verbose: 0 : 12572, 1, 2023/07/02, 13:13:01.774, 1473228014792, vstest.console.dll, TestPluginCache.GetExtensionPaths: Filtered extension paths: 
TpTrace Verbose: 0 : 12572, 1, 2023/07/02, 13:13:01.774, 1473228015374, vstest.console.dll, TestPluginCache.GetExtensionPaths: Added default extension paths: C:\Program Files\dotnet\sdk\5.0.400\Extensions\Microsoft.Diagnostics.NETCore.Client.dll
C:\Program Files\dotnet\sdk\5.0.400\Extensions\Microsoft.TestPlatform.Extensions.BlameDataCollector.dll
C:\Program Files\dotnet\sdk\5.0.400\Extensions\Microsoft.TestPlatform.Extensions.EventLogCollector.dll
C:\Program Files\dotnet\sdk\5.0.400\Extensions\Microsoft.TestPlatform.TestHostRuntimeProvider.dll
C:\Program Files\dotnet\sdk\5.0.400\Extensions\Microsoft.VisualStudio.TestPlatform.Extensions.Html.TestLogger.dll
C:\Program Files\dotnet\sdk\5.0.400\Extensions\Microsoft.VisualStudio.TestPlatform.Extensions.Trx.TestLogger.dll
TpTrace Verbose: 0 : 12572, 1, 2023/07/02, 13:13:01.774, 1473228015901, vstest.console.dll, TestPluginCache.GetExtensionPaths: Added unfilterableExtensionPaths: 
TpTrace Verbose: 0 : 12572, 1, 2023/07/02, 13:13:01.774, 1473228016720, vstest.console.dll, TestPluginCache.DiscoverTestExtensions: Discovering the extensions using allExtensionPaths: C:\Program Files\dotnet\sdk\5.0.400\Extensions\Microsoft.Diagnostics.NETCore.Client.dll
C:\Program Files\dotnet\sdk\5.0.400\Extensions\Microsoft.TestPlatform.Extensions.BlameDataCollector.dll
C:\Program Files\dotnet\sdk\5.0.400\Extensions\Microsoft.TestPlatform.Extensions.EventLogCollector.dll
C:\Program Files\dotnet\sdk\5.0.400\Extensions\Microsoft.TestPlatform.TestHostRuntimeProvider.dll
C:\Program Files\dotnet\sdk\5.0.400\Extensions\Microsoft.VisualStudio.TestPlatform.Extensions.Html.TestLogger.dll
C:\Program Files\dotnet\sdk\5.0.400\Extensions\Microsoft.VisualStudio.TestPlatform.Extensions.Trx.TestLogger.dll
TpTrace Information: 0 : 12572, 1, 2023/07/02, 13:13:01.774, 1473228018660, vstest.console.dll, AssemblyResolver.AddSearchDirectories: Adding more searchDirectories C:\Program Files\dotnet\sdk\5.0.400\Extensions,C:\Program Files\dotnet\sdk\5.0.400
TpTrace Information: 0 : 12572, 1, 2023/07/02, 13:13:01.774, 1473228019503, vstest.console.dll, AssemblyResolver.AddSearchDirectories: Adding more searchDirectories C:\Program Files\dotnet\sdk\5.0.400\Extensions,C:\Program Files\dotnet\sdk\5.0.400
TpTrace Information: 0 : 12572, 1, 2023/07/02, 13:13:01.775, 1473228020095, vstest.console.dll, AssemblyResolver.AddSearchDirectories: Adding more searchDirectories C:\Program Files\dotnet\sdk\5.0.400\Extensions,C:\Program Files\dotnet\sdk\5.0.400
TpTrace Information: 0 : 12572, 1, 2023/07/02, 13:13:01.775, 1473228020533, vstest.console.dll, AssemblyResolver.AddSearchDirectories: Adding more searchDirectories C:\Program Files\dotnet\sdk\5.0.400\Extensions,C:\Program Files\dotnet\sdk\5.0.400
TpTrace Information: 0 : 12572, 1, 2023/07/02, 13:13:01.775, 1473228020940, vstest.console.dll, AssemblyResolver.AddSearchDirectories: Adding more searchDirectories C:\Program Files\dotnet\sdk\5.0.400\Extensions,C:\Program Files\dotnet\sdk\5.0.400
TpTrace Information: 0 : 12572, 1, 2023/07/02, 13:13:01.775, 1473228021340, vstest.console.dll, AssemblyResolver.AddSearchDirectories: Adding more searchDirectories C:\Program Files\dotnet\sdk\5.0.400\Extensions,C:\Program Files\dotnet\sdk\5.0.400
TpTrace Information: 0 : 12572, 1, 2023/07/02, 13:13:01.777, 1473228041219, vstest.console.dll, AssemblyResolver.OnResolve: Microsoft.Diagnostics.NETCore.Client: Resolving assembly.
TpTrace Information: 0 : 12572, 1, 2023/07/02, 13:13:01.777, 1473228042131, vstest.console.dll, AssemblyResolver.OnResolve: Microsoft.Diagnostics.NETCore.Client: Searching in: 'C:\Program Files\dotnet\sdk\5.0.400\Extensions'.
TpTrace Information: 0 : 12572, 1, 2023/07/02, 13:13:01.778, 1473228056475, vstest.console.dll, AssemblyResolver.OnResolve: Microsoft.Diagnostics.NETCore.Client: Loading assembly 'C:\Program Files\dotnet\sdk\5.0.400\Extensions\Microsoft.Diagnostics.NETCore.Client.dll'.
TpTrace Information: 0 : 12572, 1, 2023/07/02, 13:13:01.780, 1473228070408, vstest.console.dll, AssemblyResolver.OnResolve: Resolved assembly: Microsoft.Diagnostics.NETCore.Client, from path: C:\Program Files\dotnet\sdk\5.0.400\Extensions\Microsoft.Diagnostics.NETCore.Client.dll
TpTrace Information: 0 : 12572, 1, 2023/07/02, 13:13:01.784, 1473228117542, vstest.console.dll, AssemblyResolver.OnResolve: Microsoft.Bcl.AsyncInterfaces: Resolving assembly.
TpTrace Information: 0 : 12572, 1, 2023/07/02, 13:13:01.784, 1473228118813, vstest.console.dll, AssemblyResolver.OnResolve: Microsoft.Bcl.AsyncInterfaces: Searching in: 'C:\Program Files\dotnet\sdk\5.0.400\Extensions'.
TpTrace Information: 0 : 12572, 1, 2023/07/02, 13:13:01.785, 1473228120014, vstest.console.dll, AssemblyResolver.OnResolve: Microsoft.Bcl.AsyncInterfaces: Assembly path does not exist: 'C:\Program Files\dotnet\sdk\5.0.400\Extensions\Microsoft.Bcl.AsyncInterfaces.dll', returning.
TpTrace Information: 0 : 12572, 1, 2023/07/02, 13:13:01.785, 1473228120891, vstest.console.dll, AssemblyResolver.OnResolve: Microsoft.Bcl.AsyncInterfaces: Assembly path does not exist: 'C:\Program Files\dotnet\sdk\5.0.400\Extensions\Microsoft.Bcl.AsyncInterfaces.exe', returning.
TpTrace Information: 0 : 12572, 1, 2023/07/02, 13:13:01.785, 1473228121374, vstest.console.dll, AssemblyResolver.OnResolve: Microsoft.Bcl.AsyncInterfaces: Searching in: 'C:\Program Files\dotnet\sdk\5.0.400'.
TpTrace Information: 0 : 12572, 1, 2023/07/02, 13:13:01.785, 1473228122237, vstest.console.dll, AssemblyResolver.OnResolve: Microsoft.Bcl.AsyncInterfaces: Assembly path does not exist: 'C:\Program Files\dotnet\sdk\5.0.400\Microsoft.Bcl.AsyncInterfaces.dll', returning.
TpTrace Information: 0 : 12572, 1, 2023/07/02, 13:13:01.785, 1473228123151, vstest.console.dll, AssemblyResolver.OnResolve: Microsoft.Bcl.AsyncInterfaces: Assembly path does not exist: 'C:\Program Files\dotnet\sdk\5.0.400\Microsoft.Bcl.AsyncInterfaces.exe', returning.
TpTrace Information: 0 : 12572, 1, 2023/07/02, 13:13:01.785, 1473228124039, vstest.console.dll, AssemblyResolver.OnResolve: Microsoft.Bcl.AsyncInterfaces: Failed to load assembly.
TpTrace Verbose: 0 : 12572, 1, 2023/07/02, 13:13:01.785, 1473228124658, vstest.console.dll, CurrentDomainAssemblyResolve: Resolving assembly 'Microsoft.Bcl.AsyncInterfaces'.
TpTrace Information: 0 : 12572, 1, 2023/07/02, 13:13:01.785, 1473228125534, vstest.console.dll, AssemblyResolver.OnResolve: Microsoft.Bcl.AsyncInterfaces: Resolving assembly.
TpTrace Information: 0 : 12572, 1, 2023/07/02, 13:13:01.785, 1473228126142, vstest.console.dll, AssemblyResolver.OnResolve: Microsoft.Bcl.AsyncInterfaces: Resolved from cache.
TpTrace Verbose: 0 : 12572, 1, 2023/07/02, 13:13:01.785, 1473228126578, vstest.console.dll, CurrentDomainAssemblyResolve: Resolving assembly 'Microsoft.Bcl.AsyncInterfaces'.
TpTrace Verbose: 0 : 12572, 1, 2023/07/02, 13:13:01.785, 1473228127092, vstest.console.dll, CurrentDomainAssemblyResolve: Failed to resolve assembly 'Microsoft.Bcl.AsyncInterfaces'.
TpTrace Verbose: 0 : 12572, 1, 2023/07/02, 13:13:01.790, 1473228174855, vstest.console.dll, CurrentDomainAssemblyResolve: Failed to resolve assembly 'Microsoft.Bcl.AsyncInterfaces'.
TpTrace Warning: 0 : 12572, 1, 2023/07/02, 13:13:01.834, 1473228616345, vstest.console.dll, TestPluginDiscoverer: Failed to get types from assembly 'Microsoft.Diagnostics.NETCore.Client, Version=0.2.2.41902, Culture=neutral, PublicKeyToken=31bf3856ad364e35'.  Skipping test extension scan for this assembly.  Error: System.Reflection.ReflectionTypeLoadException: Unable to load one or more of the requested types.
Could not load file or assembly 'Microsoft.Bcl.AsyncInterfaces, Version=1.0.0.0, Culture=neutral, PublicKeyToken=cc7b13ffcd2ddd51'. The system cannot find the file specified.
   at System.Reflection.RuntimeModule.GetTypes(RuntimeModule module)
   at System.Reflection.RuntimeModule.GetTypes()
   at System.Reflection.Assembly.GetTypes()
   at Microsoft.VisualStudio.TestPlatform.Common.ExtensionFramework.TestPluginDiscoverer.GetTestExtensionsFromAssembly[TPluginInfo,TExtension](Assembly assembly, Dictionary`2 pluginInfos)
System.IO.FileNotFoundException: Could not load file or assembly 'Microsoft.Bcl.AsyncInterfaces, Version=1.0.0.0, Culture=neutral, PublicKeyToken=cc7b13ffcd2ddd51'. The system cannot find the file specified.
File name: 'Microsoft.Bcl.AsyncInterfaces, Version=1.0.0.0, Culture=neutral, PublicKeyToken=cc7b13ffcd2ddd51'
TpTrace Warning: 0 : 12572, 1, 2023/07/02, 13:13:01.834, 1473228618085, vstest.console.dll, LoaderExceptions: System.IO.FileNotFoundException: Could not load file or assembly 'Microsoft.Bcl.AsyncInterfaces, Version=1.0.0.0, Culture=neutral, PublicKeyToken=cc7b13ffcd2ddd51'. The system cannot find the file specified.
File name: 'Microsoft.Bcl.AsyncInterfaces, Version=1.0.0.0, Culture=neutral, PublicKeyToken=cc7b13ffcd2ddd51'
TpTrace Information: 0 : 12572, 1, 2023/07/02, 13:13:01.835, 1473228619604, vstest.console.dll, AssemblyResolver.OnResolve: Microsoft.TestPlatform.Extensions.BlameDataCollector: Resolving assembly.
TpTrace Information: 0 : 12572, 1, 2023/07/02, 13:13:01.835, 1473228620165, vstest.console.dll, AssemblyResolver.OnResolve: Microsoft.TestPlatform.Extensions.BlameDataCollector: Searching in: 'C:\Program Files\dotnet\sdk\5.0.400\Extensions'.
TpTrace Information: 0 : 12572, 1, 2023/07/02, 13:13:01.836, 1473228637849, vstest.console.dll, AssemblyResolver.OnResolve: Microsoft.TestPlatform.Extensions.BlameDataCollector: Loading assembly 'C:\Program Files\dotnet\sdk\5.0.400\Extensions\Microsoft.TestPlatform.Extensions.BlameDataCollector.dll'.
TpTrace Information: 0 : 12572, 1, 2023/07/02, 13:13:01.838, 1473228652748, vstest.console.dll, AssemblyResolver.OnResolve: Resolved assembly: Microsoft.TestPlatform.Extensions.BlameDataCollector, from path: C:\Program Files\dotnet\sdk\5.0.400\Extensions\Microsoft.TestPlatform.Extensions.BlameDataCollector.dll
TpTrace Information: 0 : 12572, 1, 2023/07/02, 13:13:01.839, 1473228667989, vstest.console.dll, AssemblyResolver.OnResolve: Microsoft.TestPlatform.Extensions.EventLogCollector: Resolving assembly.
TpTrace Information: 0 : 12572, 1, 2023/07/02, 13:13:01.839, 1473228668972, vstest.console.dll, AssemblyResolver.OnResolve: Microsoft.TestPlatform.Extensions.EventLogCollector: Searching in: 'C:\Program Files\dotnet\sdk\5.0.400\Extensions'.
TpTrace Information: 0 : 12572, 1, 2023/07/02, 13:13:01.841, 1473228679749, vstest.console.dll, AssemblyResolver.OnResolve: Microsoft.TestPlatform.Extensions.EventLogCollector: Loading assembly 'C:\Program Files\dotnet\sdk\5.0.400\Extensions\Microsoft.TestPlatform.Extensions.EventLogCollector.dll'.
TpTrace Information: 0 : 12572, 1, 2023/07/02, 13:13:01.841, 1473228687590, vstest.console.dll, AssemblyResolver.OnResolve: Resolved assembly: Microsoft.TestPlatform.Extensions.EventLogCollector, from path: C:\Program Files\dotnet\sdk\5.0.400\Extensions\Microsoft.TestPlatform.Extensions.EventLogCollector.dll
TpTrace Information: 0 : 12572, 1, 2023/07/02, 13:13:01.845, 1473228724488, vstest.console.dll, AssemblyResolver.OnResolve: Microsoft.TestPlatform.TestHostRuntimeProvider: Resolving assembly.
TpTrace Information: 0 : 12572, 1, 2023/07/02, 13:13:01.845, 1473228725551, vstest.console.dll, AssemblyResolver.OnResolve: Microsoft.TestPlatform.TestHostRuntimeProvider: Searching in: 'C:\Program Files\dotnet\sdk\5.0.400\Extensions'.
TpTrace Information: 0 : 12572, 1, 2023/07/02, 13:13:01.847, 1473228741301, vstest.console.dll, AssemblyResolver.OnResolve: Microsoft.TestPlatform.TestHostRuntimeProvider: Loading assembly 'C:\Program Files\dotnet\sdk\5.0.400\Extensions\Microsoft.TestPlatform.TestHostRuntimeProvider.dll'.
TpTrace Information: 0 : 12572, 1, 2023/07/02, 13:13:01.848, 1473228750031, vstest.console.dll, AssemblyResolver.OnResolve: Resolved assembly: Microsoft.TestPlatform.TestHostRuntimeProvider, from path: C:\Program Files\dotnet\sdk\5.0.400\Extensions\Microsoft.TestPlatform.TestHostRuntimeProvider.dll
TpTrace Information: 0 : 12572, 1, 2023/07/02, 13:13:01.849, 1473228765134, vstest.console.dll, AssemblyResolver.OnResolve: Microsoft.VisualStudio.TestPlatform.Extensions.Html.TestLogger: Resolving assembly.
TpTrace Information: 0 : 12572, 1, 2023/07/02, 13:13:01.849, 1473228766164, vstest.console.dll, AssemblyResolver.OnResolve: Microsoft.VisualStudio.TestPlatform.Extensions.Html.TestLogger: Searching in: 'C:\Program Files\dotnet\sdk\5.0.400\Extensions'.
TpTrace Information: 0 : 12572, 1, 2023/07/02, 13:13:01.851, 1473228780954, vstest.console.dll, AssemblyResolver.OnResolve: Microsoft.VisualStudio.TestPlatform.Extensions.Html.TestLogger: Loading assembly 'C:\Program Files\dotnet\sdk\5.0.400\Extensions\Microsoft.VisualStudio.TestPlatform.Extensions.Html.TestLogger.dll'.
TpTrace Information: 0 : 12572, 1, 2023/07/02, 13:13:01.852, 1473228798411, vstest.console.dll, AssemblyResolver.OnResolve: Resolved assembly: Microsoft.VisualStudio.TestPlatform.Extensions.Html.TestLogger, from path: C:\Program Files\dotnet\sdk\5.0.400\Extensions\Microsoft.VisualStudio.TestPlatform.Extensions.Html.TestLogger.dll
TpTrace Information: 0 : 12572, 1, 2023/07/02, 13:13:01.853, 1473228805636, vstest.console.dll, AssemblyResolver.OnResolve: Microsoft.VisualStudio.TestPlatform.Extensions.Trx.TestLogger: Resolving assembly.
TpTrace Information: 0 : 12572, 1, 2023/07/02, 13:13:01.853, 1473228806983, vstest.console.dll, AssemblyResolver.OnResolve: Microsoft.VisualStudio.TestPlatform.Extensions.Trx.TestLogger: Searching in: 'C:\Program Files\dotnet\sdk\5.0.400\Extensions'.
TpTrace Information: 0 : 12572, 1, 2023/07/02, 13:13:01.855, 1473228829256, vstest.console.dll, AssemblyResolver.OnResolve: Microsoft.VisualStudio.TestPlatform.Extensions.Trx.TestLogger: Loading assembly 'C:\Program Files\dotnet\sdk\5.0.400\Extensions\Microsoft.VisualStudio.TestPlatform.Extensions.Trx.TestLogger.dll'.
TpTrace Information: 0 : 12572, 1, 2023/07/02, 13:13:01.858, 1473228853163, vstest.console.dll, AssemblyResolver.OnResolve: Resolved assembly: Microsoft.VisualStudio.TestPlatform.Extensions.Trx.TestLogger, from path: C:\Program Files\dotnet\sdk\5.0.400\Extensions\Microsoft.VisualStudio.TestPlatform.Extensions.Trx.TestLogger.dll
TpTrace Verbose: 0 : 12572, 1, 2023/07/02, 13:13:01.859, 1473228867668, vstest.console.dll, TestPluginCache: Discovered the extensions using extension path ''.
TpTrace Verbose: 0 : 12572, 1, 2023/07/02, 13:13:01.859, 1473228869332, vstest.console.dll, TestPluginCache: Discoverers are ''.
TpTrace Verbose: 0 : 12572, 1, 2023/07/02, 13:13:01.860, 1473228870202, vstest.console.dll, TestPluginCache: Executors are ''.
TpTrace Verbose: 0 : 12572, 1, 2023/07/02, 13:13:01.860, 1473228871021, vstest.console.dll, TestPluginCache: Executors2 are ''.
TpTrace Verbose: 0 : 12572, 1, 2023/07/02, 13:13:01.860, 1473228871841, vstest.console.dll, TestPluginCache: Setting providers are ''.
TpTrace Verbose: 0 : 12572, 1, 2023/07/02, 13:13:01.860, 1473228872623, vstest.console.dll, TestPluginCache: Loggers are ''.
TpTrace Information: 0 : 12572, 1, 2023/07/02, 13:13:01.872, 1473228992787, vstest.console.dll, RunTestsArgumentProcessor:Execute: Test run is starting.
TpTrace Verbose: 0 : 12572, 1, 2023/07/02, 13:13:01.872, 1473228994457, vstest.console.dll, RunTestsArgumentProcessor:Execute: Queuing Test run.
TpTrace Information: 0 : 12572, 1, 2023/07/02, 13:13:01.872, 1473228999444, vstest.console.dll, TestRequestManager.RunTests: run tests started.
TpTrace Information: 0 : 12572, 1, 2023/07/02, 13:13:01.877, 1473229042838, vstest.console.dll, AssemblyMetadataProvider.GetFrameWork: Determined framework:'.NETCoreApp,Version=v3.1' for source: 'D:\Learnings\JSONFormatting\Master\JsonParser.Test\bin\Debug\netcoreapp3.1\fine-code-coverage\build-output\JsonParser.Test.dll'
TpTrace Information: 0 : 12572, 1, 2023/07/02, 13:13:01.877, 1473229045702, vstest.console.dll, Determined framework for all sources: .NETCoreApp,Version=v3.1
TpTrace Information: 0 : 12572, 1, 2023/07/02, 13:13:01.878, 1473229051122, vstest.console.dll, AssemblyMetadataProvider.GetArchitecture: Determined architecture:AnyCPU info for assembly: D:\Learnings\JSONFormatting\Master\JsonParser.Test\bin\Debug\netcoreapp3.1\fine-code-coverage\build-output\JsonParser.Test.dll
TpTrace Information: 0 : 12572, 1, 2023/07/02, 13:13:01.880, 1473229077094, vstest.console.dll, Determined platform for all sources: X64
TpTrace Information: 0 : 12572, 1, 2023/07/02, 13:13:01.884, 1473229117239, vstest.console.dll, Compatible sources list : 
TpTrace Information: 0 : 12572, 1, 2023/07/02, 13:13:01.884, 1473229118624, vstest.console.dll, D:\Learnings\JSONFormatting\Master\JsonParser.Test\bin\Debug\netcoreapp3.1\fine-code-coverage\build-output\JsonParser.Test.dll
TpTrace Information: 0 : 12572, 1, 2023/07/02, 13:13:01.891, 1473229188071, vstest.console.dll, InferRunSettingsHelper.IsTestSettingsEnabled: Unable to navigate to RunSettings/MSTest. Current node: RunSettings
TpTrace Information: 0 : 12572, 1, 2023/07/02, 13:13:01.893, 1473229204448, vstest.console.dll, AssemblyResolver.OnResolve: Microsoft.VisualStudio.TestPlatform.Fakes: Resolving assembly.
TpTrace Information: 0 : 12572, 1, 2023/07/02, 13:13:01.893, 1473229206251, vstest.console.dll, AssemblyResolver.OnResolve: Microsoft.VisualStudio.TestPlatform.Fakes: Searching in: 'C:\Program Files\dotnet\sdk\5.0.400\Extensions'.
TpTrace Information: 0 : 12572, 1, 2023/07/02, 13:13:01.893, 1473229208955, vstest.console.dll, AssemblyResolver.OnResolve: Microsoft.VisualStudio.TestPlatform.Fakes: Assembly path does not exist: 'C:\Program Files\dotnet\sdk\5.0.400\Extensions\Microsoft.VisualStudio.TestPlatform.Fakes.dll', returning.
TpTrace Information: 0 : 12572, 1, 2023/07/02, 13:13:01.894, 1473229210721, vstest.console.dll, AssemblyResolver.OnResolve: Microsoft.VisualStudio.TestPlatform.Fakes: Assembly path does not exist: 'C:\Program Files\dotnet\sdk\5.0.400\Extensions\Microsoft.VisualStudio.TestPlatform.Fakes.exe', returning.
TpTrace Information: 0 : 12572, 1, 2023/07/02, 13:13:01.894, 1473229211468, vstest.console.dll, AssemblyResolver.OnResolve: Microsoft.VisualStudio.TestPlatform.Fakes: Searching in: 'C:\Program Files\dotnet\sdk\5.0.400'.
TpTrace Information: 0 : 12572, 1, 2023/07/02, 13:13:01.894, 1473229212790, vstest.console.dll, AssemblyResolver.OnResolve: Microsoft.VisualStudio.TestPlatform.Fakes: Assembly path does not exist: 'C:\Program Files\dotnet\sdk\5.0.400\Microsoft.VisualStudio.TestPlatform.Fakes.dll', returning.
TpTrace Information: 0 : 12572, 1, 2023/07/02, 13:13:01.894, 1473229214050, vstest.console.dll, AssemblyResolver.OnResolve: Microsoft.VisualStudio.TestPlatform.Fakes: Assembly path does not exist: 'C:\Program Files\dotnet\sdk\5.0.400\Microsoft.VisualStudio.TestPlatform.Fakes.exe', returning.
TpTrace Information: 0 : 12572, 1, 2023/07/02, 13:13:01.894, 1473229214829, vstest.console.dll, AssemblyResolver.OnResolve: Microsoft.VisualStudio.TestPlatform.Fakes: Failed to load assembly.
TpTrace Information: 0 : 12572, 1, 2023/07/02, 13:13:01.895, 1473229227603, vstest.console.dll, Failed to create newly implemented Fakes Configurator. Reason:System.IO.FileNotFoundException: Could not load file or assembly 'Microsoft.VisualStudio.TestPlatform.Fakes, Version=16.0.0.0, Culture=neutral, PublicKeyToken=null'. The system cannot find the file specified.
File name: 'Microsoft.VisualStudio.TestPlatform.Fakes, Version=16.0.0.0, Culture=neutral, PublicKeyToken=null'
   at System.Reflection.RuntimeAssembly.InternalLoad(ObjectHandleOnStack assemblyName, ObjectHandleOnStack requestingAssembly, StackCrawlMarkHandle stackMark, Boolean throwOnFileNotFound, ObjectHandleOnStack assemblyLoadContext, ObjectHandleOnStack retAssembly)
   at System.Reflection.RuntimeAssembly.InternalLoad(AssemblyName assemblyName, RuntimeAssembly requestingAssembly, StackCrawlMark& stackMark, Boolean throwOnFileNotFound, AssemblyLoadContext assemblyLoadContext)
   at System.Reflection.Assembly.Load(AssemblyName assemblyRef)
   at Microsoft.VisualStudio.TestPlatform.Common.Utilities.FakesUtilities.TryGetFakesCrossPlatformDataCollectorConfigurator() 
TpTrace Verbose: 0 : 12572, 1, 2023/07/02, 13:13:01.901, 1473229287875, vstest.console.dll, TestPluginCache.DiscoverTestExtensions: finding test extensions in assemblies ends with: TestLogger.dll TPluginInfo: Microsoft.VisualStudio.TestPlatform.Common.ExtensionFramework.Utilities.TestLoggerPluginInformation TExtension: Microsoft.VisualStudio.TestPlatform.ObjectModel.Client.ITestLogger
TpTrace Verbose: 0 : 12572, 1, 2023/07/02, 13:13:01.902, 1473229289820, vstest.console.dll, TestPluginCache.GetExtensionPaths: Filtered extension paths: 
TpTrace Verbose: 0 : 12572, 1, 2023/07/02, 13:13:01.902, 1473229290706, vstest.console.dll, TestPluginCache.GetExtensionPaths: Added default extension paths: C:\Program Files\dotnet\sdk\5.0.400\Extensions\Microsoft.Diagnostics.NETCore.Client.dll
C:\Program Files\dotnet\sdk\5.0.400\Extensions\Microsoft.TestPlatform.Extensions.BlameDataCollector.dll
C:\Program Files\dotnet\sdk\5.0.400\Extensions\Microsoft.TestPlatform.Extensions.EventLogCollector.dll
C:\Program Files\dotnet\sdk\5.0.400\Extensions\Microsoft.TestPlatform.TestHostRuntimeProvider.dll
C:\Program Files\dotnet\sdk\5.0.400\Extensions\Microsoft.VisualStudio.TestPlatform.Extensions.Html.TestLogger.dll
C:\Program Files\dotnet\sdk\5.0.400\Extensions\Microsoft.VisualStudio.TestPlatform.Extensions.Trx.TestLogger.dll
TpTrace Verbose: 0 : 12572, 1, 2023/07/02, 13:13:01.902, 1473229291654, vstest.console.dll, TestPluginCache.GetExtensionPaths: Added unfilterableExtensionPaths: 
TpTrace Information: 0 : 12572, 1, 2023/07/02, 13:13:01.902, 1473229295209, vstest.console.dll, AssemblyResolver.AddSearchDirectories: Adding more searchDirectories C:\Program Files\dotnet\sdk\5.0.400\Extensions,C:\Program Files\dotnet\sdk\5.0.400
TpTrace Verbose: 0 : 12572, 1, 2023/07/02, 13:13:01.902, 1473229296268, vstest.console.dll, TestPluginCache.DiscoverTestExtensions: Discovering the extensions using extension path.
TpTrace Verbose: 0 : 12572, 1, 2023/07/02, 13:13:01.902, 1473229297459, vstest.console.dll, TestPluginCache.GetExtensionPaths: Filtered extension paths: 
TpTrace Verbose: 0 : 12572, 1, 2023/07/02, 13:13:01.902, 1473229298316, vstest.console.dll, TestPluginCache.GetExtensionPaths: Added default extension paths: C:\Program Files\dotnet\sdk\5.0.400\Extensions\Microsoft.Diagnostics.NETCore.Client.dll
C:\Program Files\dotnet\sdk\5.0.400\Extensions\Microsoft.TestPlatform.Extensions.BlameDataCollector.dll
C:\Program Files\dotnet\sdk\5.0.400\Extensions\Microsoft.TestPlatform.Extensions.EventLogCollector.dll
C:\Program Files\dotnet\sdk\5.0.400\Extensions\Microsoft.TestPlatform.TestHostRuntimeProvider.dll
C:\Program Files\dotnet\sdk\5.0.400\Extensions\Microsoft.VisualStudio.TestPlatform.Extensions.Html.TestLogger.dll
C:\Program Files\dotnet\sdk\5.0.400\Extensions\Microsoft.VisualStudio.TestPlatform.Extensions.Trx.TestLogger.dll
TpTrace Verbose: 0 : 12572, 1, 2023/07/02, 13:13:01.902, 1473229299189, vstest.console.dll, TestPluginCache.GetExtensionPaths: Added unfilterableExtensionPaths: 
TpTrace Verbose: 0 : 12572, 1, 2023/07/02, 13:13:01.903, 1473229300298, vstest.console.dll, TestPluginCache.DiscoverTestExtensions: Discovering the extensions using allExtensionPaths: C:\Program Files\dotnet\sdk\5.0.400\Extensions\Microsoft.Diagnostics.NETCore.Client.dll
C:\Program Files\dotnet\sdk\5.0.400\Extensions\Microsoft.TestPlatform.Extensions.BlameDataCollector.dll
C:\Program Files\dotnet\sdk\5.0.400\Extensions\Microsoft.TestPlatform.Extensions.EventLogCollector.dll
C:\Program Files\dotnet\sdk\5.0.400\Extensions\Microsoft.TestPlatform.TestHostRuntimeProvider.dll
C:\Program Files\dotnet\sdk\5.0.400\Extensions\Microsoft.VisualStudio.TestPlatform.Extensions.Html.TestLogger.dll
C:\Program Files\dotnet\sdk\5.0.400\Extensions\Microsoft.VisualStudio.TestPlatform.Extensions.Trx.TestLogger.dll
TpTrace Information: 0 : 12572, 1, 2023/07/02, 13:13:01.903, 1473229301547, vstest.console.dll, AssemblyResolver.AddSearchDirectories: Adding more searchDirectories C:\Program Files\dotnet\sdk\5.0.400\Extensions,C:\Program Files\dotnet\sdk\5.0.400
TpTrace Information: 0 : 12572, 1, 2023/07/02, 13:13:01.903, 1473229302583, vstest.console.dll, AssemblyResolver.AddSearchDirectories: Adding more searchDirectories C:\Program Files\dotnet\sdk\5.0.400\Extensions,C:\Program Files\dotnet\sdk\5.0.400
TpTrace Information: 0 : 12572, 1, 2023/07/02, 13:13:01.903, 1473229303383, vstest.console.dll, AssemblyResolver.AddSearchDirectories: Adding more searchDirectories C:\Program Files\dotnet\sdk\5.0.400\Extensions,C:\Program Files\dotnet\sdk\5.0.400
TpTrace Information: 0 : 12572, 1, 2023/07/02, 13:13:01.903, 1473229304267, vstest.console.dll, AssemblyResolver.AddSearchDirectories: Adding more searchDirectories C:\Program Files\dotnet\sdk\5.0.400\Extensions,C:\Program Files\dotnet\sdk\5.0.400
TpTrace Information: 0 : 12572, 1, 2023/07/02, 13:13:01.903, 1473229305277, vstest.console.dll, AssemblyResolver.AddSearchDirectories: Adding more searchDirectories C:\Program Files\dotnet\sdk\5.0.400\Extensions,C:\Program Files\dotnet\sdk\5.0.400
TpTrace Information: 0 : 12572, 1, 2023/07/02, 13:13:01.903, 1473229306111, vstest.console.dll, AssemblyResolver.AddSearchDirectories: Adding more searchDirectories C:\Program Files\dotnet\sdk\5.0.400\Extensions,C:\Program Files\dotnet\sdk\5.0.400
TpTrace Information: 0 : 12572, 1, 2023/07/02, 13:13:01.904, 1473229312804, vstest.console.dll, AssemblyResolver.OnResolve: Microsoft.Bcl.AsyncInterfaces: Resolving assembly.
TpTrace Information: 0 : 12572, 1, 2023/07/02, 13:13:01.904, 1473229314249, vstest.console.dll, AssemblyResolver.OnResolve: Microsoft.Bcl.AsyncInterfaces: Resolved from cache.
TpTrace Verbose: 0 : 12572, 1, 2023/07/02, 13:13:01.904, 1473229315037, vstest.console.dll, CurrentDomainAssemblyResolve: Resolving assembly 'Microsoft.Bcl.AsyncInterfaces'.
TpTrace Information: 0 : 12572, 1, 2023/07/02, 13:13:01.904, 1473229316830, vstest.console.dll, AssemblyResolver.OnResolve: Microsoft.Bcl.AsyncInterfaces: Resolving assembly.
TpTrace Information: 0 : 12572, 1, 2023/07/02, 13:13:01.904, 1473229317804, vstest.console.dll, AssemblyResolver.OnResolve: Microsoft.Bcl.AsyncInterfaces: Resolved from cache.
TpTrace Verbose: 0 : 12572, 1, 2023/07/02, 13:13:01.904, 1473229318727, vstest.console.dll, CurrentDomainAssemblyResolve: Resolving assembly 'Microsoft.Bcl.AsyncInterfaces'.
TpTrace Verbose: 0 : 12572, 1, 2023/07/02, 13:13:01.905, 1473229319596, vstest.console.dll, CurrentDomainAssemblyResolve: Failed to resolve assembly 'Microsoft.Bcl.AsyncInterfaces'.
TpTrace Verbose: 0 : 12572, 1, 2023/07/02, 13:13:01.905, 1473229323431, vstest.console.dll, CurrentDomainAssemblyResolve: Failed to resolve assembly 'Microsoft.Bcl.AsyncInterfaces'.
TpTrace Warning: 0 : 12572, 1, 2023/07/02, 13:13:01.906, 1473229329585, vstest.console.dll, TestPluginDiscoverer: Failed to get types from assembly 'Microsoft.Diagnostics.NETCore.Client, Version=0.2.2.41902, Culture=neutral, PublicKeyToken=31bf3856ad364e35'.  Skipping test extension scan for this assembly.  Error: System.Reflection.ReflectionTypeLoadException: Unable to load one or more of the requested types.
Could not load file or assembly 'Microsoft.Bcl.AsyncInterfaces, Version=1.0.0.0, Culture=neutral, PublicKeyToken=cc7b13ffcd2ddd51'. The system cannot find the file specified.
   at System.Reflection.RuntimeModule.GetTypes(RuntimeModule module)
   at System.Reflection.RuntimeModule.GetTypes()
   at System.Reflection.Assembly.GetTypes()
   at Microsoft.VisualStudio.TestPlatform.Common.ExtensionFramework.TestPluginDiscoverer.GetTestExtensionsFromAssembly[TPluginInfo,TExtension](Assembly assembly, Dictionary`2 pluginInfos)
System.IO.FileNotFoundException: Could not load file or assembly 'Microsoft.Bcl.AsyncInterfaces, Version=1.0.0.0, Culture=neutral, PublicKeyToken=cc7b13ffcd2ddd51'. The system cannot find the file specified.
File name: 'Microsoft.Bcl.AsyncInterfaces, Version=1.0.0.0, Culture=neutral, PublicKeyToken=cc7b13ffcd2ddd51'
TpTrace Warning: 0 : 12572, 1, 2023/07/02, 13:13:01.906, 1473229330924, vstest.console.dll, LoaderExceptions: System.IO.FileNotFoundException: Could not load file or assembly 'Microsoft.Bcl.AsyncInterfaces, Version=1.0.0.0, Culture=neutral, PublicKeyToken=cc7b13ffcd2ddd51'. The system cannot find the file specified.
File name: 'Microsoft.Bcl.AsyncInterfaces, Version=1.0.0.0, Culture=neutral, PublicKeyToken=cc7b13ffcd2ddd51'
TpTrace Verbose: 0 : 12572, 1, 2023/07/02, 13:13:01.906, 1473229338751, vstest.console.dll, TestPluginCache: Discovered the extensions using extension path ''.
TpTrace Verbose: 0 : 12572, 1, 2023/07/02, 13:13:01.907, 1473229339856, vstest.console.dll, TestPluginCache: Discoverers are ''.
TpTrace Verbose: 0 : 12572, 1, 2023/07/02, 13:13:01.907, 1473229340265, vstest.console.dll, TestPluginCache: Executors are ''.
TpTrace Verbose: 0 : 12572, 1, 2023/07/02, 13:13:01.907, 1473229340696, vstest.console.dll, TestPluginCache: Executors2 are ''.
TpTrace Verbose: 0 : 12572, 1, 2023/07/02, 13:13:01.907, 1473229341052, vstest.console.dll, TestPluginCache: Setting providers are ''.
TpTrace Verbose: 0 : 12572, 1, 2023/07/02, 13:13:01.907, 1473229342542, vstest.console.dll, TestPluginCache: Loggers are 'logger://Microsoft/TestPlatform/Extensions/Blame/v1,logger://Microsoft/TestPlatform/HtmlLogger/v1,logger://Microsoft/TestPlatform/TrxLogger/v1'.
TpTrace Information: 0 : 12572, 1, 2023/07/02, 13:13:01.908, 1473229355734, vstest.console.dll, TestPluginManager.CreateTestExtension: Attempting to load test extension: Microsoft.TestPlatform.Extensions.BlameDataCollector.BlameLogger
TpTrace Information: 0 : 12572, 1, 2023/07/02, 13:13:01.923, 1473229500462, vstest.console.dll, TestPluginManager.CreateTestExtension: Attempting to load test extension: Microsoft.VisualStudio.TestPlatform.CrossPlatEngine.Hosting.DefaultTestHostManager
TpTrace Information: 0 : 12572, 1, 2023/07/02, 13:13:01.923, 1473229504729, vstest.console.dll, TestPluginManager.CreateTestExtension: Attempting to load test extension: Microsoft.VisualStudio.TestPlatform.CrossPlatEngine.Hosting.DotnetTestHostManager
TpTrace Verbose: 0 : 12572, 1, 2023/07/02, 13:13:01.925, 1473229527301, vstest.console.dll, TestEngine: Initializing Parallel Execution as MaxCpuCount is set to: 1
TpTrace Information: 0 : 12572, 1, 2023/07/02, 13:13:01.926, 1473229534787, vstest.console.dll, InferRunSettingsHelper.IsTestSettingsEnabled: Unable to navigate to RunSettings/MSTest. Current node: RunSettings
TpTrace Verbose: 0 : 12572, 1, 2023/07/02, 13:13:01.964, 1473229916900, vstest.console.dll, TestRequestSender is acting as server
TpTrace Verbose: 0 : 12572, 4, 2023/07/02, 13:13:01.971, 1473229983540, vstest.console.dll, DataCollectionRequestSender.InitializeCommunication : Initialize communication. 
TpTrace Information: 0 : 12572, 4, 2023/07/02, 13:13:01.985, 1473230120925, vstest.console.dll, Listening on Endpoint : 127.0.0.1:55024
TpTrace Verbose: 0 : 12572, 4, 2023/07/02, 13:13:01.999, 1473230262760, vstest.console.dll, DotnetDataCollectionLauncher: Full path of dotnet.exe is C:\Program Files\dotnet\dotnet.exe
TpTrace Verbose: 0 : 12572, 4, 2023/07/02, 13:13:01.999, 1473230265554, vstest.console.dll, DotnetDataCollectionLauncher: Adding  --runtimeconfig "C:\Program Files\dotnet\sdk\5.0.400\datacollector.runtimeconfig.json" in args
TpTrace Verbose: 0 : 12572, 4, 2023/07/02, 13:13:01.999, 1473230267822, vstest.console.dll, DotnetDataCollectionLauncher: Adding  --depsfile "C:\Program Files\dotnet\sdk\5.0.400\datacollector.deps.json" in args
TpTrace Information: 0 : 12572, 4, 2023/07/02, 13:13:02.014, 1473230411210, vstest.console.dll, ProxyDataCollectionManager.Initialize: Launched datacollector processId: 29024 port: 55024
TpTrace Information: 0 : 12572, 4, 2023/07/02, 13:13:02.014, 1473230413285, vstest.console.dll, ProxyDataCollectionManager.Initialize: waiting for connection with timeout: 90 seconds
TpTrace Verbose: 0 : 12572, 4, 2023/07/02, 13:13:02.014, 1473230414295, vstest.console.dll, DataCollectionRequestSender.WaitForRequestHandlerConnection : Waiting for connection with timeout: 90000
TpTrace Information: 0 : 12572, 7, 2023/07/02, 13:13:02.254, 1473232812441, vstest.console.dll, Using the buffer size of 16384 bytes
TpTrace Verbose: 0 : 12572, 4, 2023/07/02, 13:13:02.254, 1473232813098, vstest.console.dll, ProxyDataCollectionManager.InvokeDataCollectionServiceAction: Starting.
TpTrace Information: 0 : 12572, 7, 2023/07/02, 13:13:02.254, 1473232814007, vstest.console.dll, Accepted Client request and set the flag
TpTrace Information: 0 : 12572, 4, 2023/07/02, 13:13:02.254, 1473232815463, vstest.console.dll, ProxyDataCollectionManager.BeforeTestRunStart: Get environment variable and port for datacollector processId: 29024 port: 55024
TpTrace Verbose: 0 : 12572, 4, 2023/07/02, 13:13:02.254, 1473232817287, vstest.console.dll, DataCollectionRequestSender.SendBeforeTestRunStartAndGetResult : Send BeforeTestRunStart message with settingsXml <RunSettings><RunConfiguration><ResultsDirectory>D:\Learnings\JSONFormatting\Master\JsonParser.Test\bin\Debug\netcoreapp3.1\fine-code-coverage\coverage-tool-output</ResultsDirectory><TargetPlatform>X64</TargetPlatform><TargetFrameworkVersion>.NETCoreApp,Version=v3.1</TargetFrameworkVersion><DesignMode>False</DesignMode><CollectSourceInformation>False</CollectSourceInformation><TestAdaptersPaths>C:\Program Files\dotnet\sdk\5.0.400\Extensions</TestAdaptersPaths></RunConfiguration><LoggerRunSettings><Loggers><Logger friendlyName="blame" enabled="True" /><Logger friendlyName="Console" uri="logger://microsoft/TestPlatform/ConsoleLogger/v1" assemblyQualifiedName="Microsoft.VisualStudio.TestPlatform.CommandLine.Internal.ConsoleLogger, vstest.console, Version=15.0.0.0, Culture=neutral, PublicKeyToken=b03f5f7f11d50a3a" codeBase="C:\Program Files\dotnet\sdk\5.0.400\vstest.console.dll" enabled="True" /></Loggers></LoggerRunSettings><DataCollectionRunSettings><DataCollectors><DataCollector friendlyName="blame" enabled="True"><Configuration><ResultsDirectory>D:\Learnings\JSONFormatting\Master\JsonParser.Test\bin\Debug\netcoreapp3.1\fine-code-coverage\coverage-tool-output</ResultsDirectory></Configuration></DataCollector></DataCollectors></DataCollectionRunSettings></RunSettings> and sources System.Linq.Enumerable+Concat2Iterator`1[System.String]: 
TpTrace Verbose: 0 : 12572, 4, 2023/07/02, 13:13:02.403, 1473234307752, vstest.console.dll, DataCollectionRequestSender.SendBeforeTestRunStartAndGetResult : Received message: (DataCollection.SendMessage) -> {
  "FriendlyName": null,
  "Uri": null,
  "TestCaseId": "00000000-0000-0000-0000-000000000000",
  "Message": "Logging DataCollector Diagnostics in file: D:\\Learnings\\JSONFormatting\\Master\\JsonParser.Test\\bin\\Debug\\netcoreapp3.1\\fine-code-coverage\\coverage-tool-output\\diagnostics.datacollector.23-07-02_13-13-01_99405_4.log",
  "Level": 0
}
TpTrace Verbose: 0 : 12572, 4, 2023/07/02, 13:13:02.540, 1473235673108, vstest.console.dll, DataCollectionRequestSender.SendBeforeTestRunStartAndGetResult : Received message: (DataCollection.BeforeTestRunStartResult) -> {
  "EnvironmentVariables": {},
  "DataCollectionEventsPort": 55027
}
TpTrace Information: 0 : 12572, 4, 2023/07/02, 13:13:02.547, 1473235745208, vstest.console.dll, ProxyDataCollectionManager.BeforeTestRunStart: SendBeforeTestRunStartAndGetResult successful, env variable from datacollector:   and testhost port: 55027
TpTrace Information: 0 : 12572, 4, 2023/07/02, 13:13:02.547, 1473235747014, vstest.console.dll, ProxyDataCollectionManager.InvokeDataCollectionServiceAction: Completed.
TpTrace Verbose: 0 : 12572, 1, 2023/07/02, 13:13:02.547, 1473235749521, vstest.console.dll, TestRunRequest.ExecuteAsync: Creating test run request.
TpTrace Verbose: 0 : 12572, 1, 2023/07/02, 13:13:02.549, 1473235762189, vstest.console.dll, TestRunRequest.ExecuteAsync: Starting.
TpTrace Information: 0 : 12572, 1, 2023/07/02, 13:13:02.550, 1473235772438, vstest.console.dll, TestRunRequest.ExecuteAsync: Starting run with settings:TestRunCriteria:
   KeepAlive=False,FrequencyOfRunStatsChangeEvent=10,RunStatsChangeEventTimeout=00:00:01.5000000,TestCaseFilter=,TestExecutorLauncher=
   Settingsxml=<RunSettings>
  <RunConfiguration>
    <ResultsDirectory>D:\Learnings\JSONFormatting\Master\JsonParser.Test\bin\Debug\netcoreapp3.1\fine-code-coverage\coverage-tool-output</ResultsDirectory>
    <TargetPlatform>X64</TargetPlatform>
    <TargetFrameworkVersion>.NETCoreApp,Version=v3.1</TargetFrameworkVersion>
    <DesignMode>False</DesignMode>
    <CollectSourceInformation>False</CollectSourceInformation>
  </RunConfiguration>
  <LoggerRunSettings>
    <Loggers>
      <Logger friendlyName="blame" enabled="True" />
      <Logger friendlyName="Console" uri="logger://microsoft/TestPlatform/ConsoleLogger/v1" assemblyQualifiedName="Microsoft.VisualStudio.TestPlatform.CommandLine.Internal.ConsoleLogger, vstest.console, Version=15.0.0.0, Culture=neutral, PublicKeyToken=b03f5f7f11d50a3a" codeBase="C:\Program Files\dotnet\sdk\5.0.400\vstest.console.dll" enabled="True" />
    </Loggers>
  </LoggerRunSettings>
  <DataCollectionRunSettings>
    <DataCollectors>
      <DataCollector friendlyName="blame" enabled="True">
        <Configuration>
          <ResultsDirectory>D:\Learnings\JSONFormatting\Master\JsonParser.Test\bin\Debug\netcoreapp3.1\fine-code-coverage\coverage-tool-output</ResultsDirectory>
        </Configuration>
      </DataCollector>
    </DataCollectors>
  </DataCollectionRunSettings>
</RunSettings>

TpTrace Verbose: 0 : 12572, 1, 2023/07/02, 13:13:02.550, 1473235773736, vstest.console.dll, TestRunRequest.ExecuteAsync: Wait for the first run request is over.
TpTrace Verbose: 0 : 12572, 1, 2023/07/02, 13:13:02.551, 1473235780565, vstest.console.dll, ParallelProxyExecutionManager: Start execution. Total sources: 1
TpTrace Information: 0 : 12572, 1, 2023/07/02, 13:13:02.552, 1473235794249, vstest.console.dll, ProxyParallelExecutionManager: Triggering test run for next source: D:\Learnings\JSONFormatting\Master\JsonParser.Test\bin\Debug\netcoreapp3.1\fine-code-coverage\build-output\JsonParser.Test.dll
TpTrace Verbose: 0 : 12572, 4, 2023/07/02, 13:13:02.552, 1473235797764, vstest.console.dll, ParallelProxyExecutionManager: Execution started. Started clients: 1
TpTrace Verbose: 0 : 12572, 1, 2023/07/02, 13:13:02.552, 1473235798803, vstest.console.dll, ProxyParallelExecutionManager: No sources available for execution.
TpTrace Information: 0 : 12572, 1, 2023/07/02, 13:13:02.553, 1473235800077, vstest.console.dll, TestRunRequest.ExecuteAsync: Started.
TpTrace Verbose: 0 : 12572, 1, 2023/07/02, 13:13:02.553, 1473235802682, vstest.console.dll, TestRunRequest.WaitForCompletion: Waiting with timeout -1.
TpTrace Verbose: 0 : 12572, 4, 2023/07/02, 13:13:02.553, 1473235803865, vstest.console.dll, TestRunRequest:SendTestRunMessage: Starting.
TpTrace Information: 0 : 12572, 4, 2023/07/02, 13:13:02.553, 1473235806155, vstest.console.dll, TestRunRequest:SendTestRunMessage: Completed.
TpTrace Verbose: 0 : 12572, 4, 2023/07/02, 13:13:02.554, 1473235810023, vstest.console.dll, ProxyExecutionManager: Test host is always Lazy initialize.
TpTrace Verbose: 0 : 12572, 4, 2023/07/02, 13:13:02.554, 1473235814595, vstest.console.dll, TestRequestSender.InitializeCommunication: initialize communication. 
TpTrace Information: 0 : 12572, 4, 2023/07/02, 13:13:02.555, 1473235824021, vstest.console.dll, SocketServer.Start: Listening on endpoint : 127.0.0.1:55028
TpTrace Verbose: 0 : 12572, 4, 2023/07/02, 13:13:02.556, 1473235837835, vstest.console.dll, DotnetTestHostmanager: Adding  --runtimeconfig "D:\Learnings\JSONFormatting\Master\JsonParser.Test\bin\Debug\netcoreapp3.1\fine-code-coverage\build-output\JsonParser.Test.runtimeconfig.json" in args
TpTrace Verbose: 0 : 12572, 4, 2023/07/02, 13:13:02.557, 1473235839589, vstest.console.dll, DotnetTestHostmanager: Adding  --depsfile "D:\Learnings\JSONFormatting\Master\JsonParser.Test\bin\Debug\netcoreapp3.1\fine-code-coverage\build-output\JsonParser.Test.deps.json" in args
TpTrace Information: 0 : 12572, 4, 2023/07/02, 13:13:02.557, 1473235844429, vstest.console.dll, AssemblyResolver.OnResolve: Microsoft.Extensions.DependencyModel: Resolving assembly.
TpTrace Information: 0 : 12572, 4, 2023/07/02, 13:13:02.557, 1473235845688, vstest.console.dll, AssemblyResolver.OnResolve: Microsoft.Extensions.DependencyModel: Searching in: 'C:\Program Files\dotnet\sdk\5.0.400\Extensions'.
TpTrace Information: 0 : 12572, 4, 2023/07/02, 13:13:02.557, 1473235847597, vstest.console.dll, AssemblyResolver.OnResolve: Microsoft.Extensions.DependencyModel: Assembly path does not exist: 'C:\Program Files\dotnet\sdk\5.0.400\Extensions\Microsoft.Extensions.DependencyModel.dll', returning.
TpTrace Information: 0 : 12572, 4, 2023/07/02, 13:13:02.557, 1473235849321, vstest.console.dll, AssemblyResolver.OnResolve: Microsoft.Extensions.DependencyModel: Assembly path does not exist: 'C:\Program Files\dotnet\sdk\5.0.400\Extensions\Microsoft.Extensions.DependencyModel.exe', returning.
TpTrace Information: 0 : 12572, 4, 2023/07/02, 13:13:02.558, 1473235850304, vstest.console.dll, AssemblyResolver.OnResolve: Microsoft.Extensions.DependencyModel: Searching in: 'C:\Program Files\dotnet\sdk\5.0.400'.
TpTrace Information: 0 : 12572, 4, 2023/07/02, 13:13:02.560, 1473235871820, vstest.console.dll, AssemblyResolver.OnResolve: Microsoft.Extensions.DependencyModel: Loading assembly 'C:\Program Files\dotnet\sdk\5.0.400\Microsoft.Extensions.DependencyModel.dll'.
TpTrace Information: 0 : 12572, 4, 2023/07/02, 13:13:02.562, 1473235890853, vstest.console.dll, AssemblyResolver.OnResolve: Resolved assembly: Microsoft.Extensions.DependencyModel, from path: C:\Program Files\dotnet\sdk\5.0.400\Microsoft.Extensions.DependencyModel.dll
TpTrace Verbose: 0 : 12572, 4, 2023/07/02, 13:13:02.562, 1473235895312, vstest.console.dll, DotnetTestHostmanager: Reading file D:\Learnings\JSONFormatting\Master\JsonParser.Test\bin\Debug\netcoreapp3.1\fine-code-coverage\build-output\JsonParser.Test.deps.json to get path of testhost.dll
TpTrace Verbose: 0 : 12572, 4, 2023/07/02, 13:13:02.629, 1473236562153, vstest.console.dll, DotnetTestHostmanager: Relative path of testhost.dll with respect to package folder is microsoft.testplatform.testhost/15.8.0\lib/netstandard1.5/testhost.dll
TpTrace Verbose: 0 : 12572, 4, 2023/07/02, 13:13:02.633, 1473236602452, vstest.console.dll, DotnetTestHostmanager: Looking for path microsoft.testplatform.testhost/15.8.0\lib/netstandard1.5/testhost.dll in folder C:\Users\Dell\.dotnet\store\|arch|\|tfm|
TpTrace Verbose: 0 : 12572, 4, 2023/07/02, 13:13:02.633, 1473236605343, vstest.console.dll, DotnetTestHostmanager: Looking for path microsoft.testplatform.testhost/15.8.0\lib/netstandard1.5/testhost.dll in folder C:\Users\Dell\.nuget\packages
TpTrace Verbose: 0 : 12572, 4, 2023/07/02, 13:13:02.634, 1473236612975, vstest.console.dll, DotnetTestHostmanager: Full path of testhost.dll is C:\Users\Dell\.nuget\packages\microsoft.testplatform.testhost/15.8.0\lib/netstandard1.5/testhost.dll
TpTrace Verbose: 0 : 12572, 4, 2023/07/02, 13:13:02.634, 1473236614544, vstest.console.dll, DotnetTestHostmanager: Full path of host exe is C:\Program Files\dotnet\dotnet.exe
TpTrace Verbose: 0 : 12572, 6, 2023/07/02, 13:13:02.636, 1473236636007, vstest.console.dll, DotnetTestHostManager: Starting process 'C:\Program Files\dotnet\dotnet.exe' with command line 'exec --runtimeconfig "D:\Learnings\JSONFormatting\Master\JsonParser.Test\bin\Debug\netcoreapp3.1\fine-code-coverage\build-output\JsonParser.Test.runtimeconfig.json" --depsfile "D:\Learnings\JSONFormatting\Master\JsonParser.Test\bin\Debug\netcoreapp3.1\fine-code-coverage\build-output\JsonParser.Test.deps.json" "C:\Users\Dell\.nuget\packages\microsoft.testplatform.testhost/15.8.0\lib/netstandard1.5/testhost.dll" --port 55028 --endpoint 127.0.0.1:055028 --role client --parentprocessid 12572 --diag "D:\Learnings\JSONFormatting\Master\JsonParser.Test\bin\Debug\netcoreapp3.1\fine-code-coverage\coverage-tool-output\diagnostics.host.23-07-02_13-13-02_55617_4.log" --tracelevel 4 --datacollectionport 55027 --telemetryoptedin false'
TpTrace Verbose: 0 : 12572, 6, 2023/07/02, 13:13:02.648, 1473236753069, vstest.console.dll, Test Runtime launched
TpTrace Verbose: 0 : 12572, 4, 2023/07/02, 13:13:02.650, 1473236778168, vstest.console.dll, TestRequestSender.WaitForRequestHandlerConnection: waiting for connection with timeout: 90000
TpTrace Verbose: 0 : 12572, 10, 2023/07/02, 13:13:03.055, 1473240823730, vstest.console.dll, SocketServer.OnClientConnected: Client connected for endPoint: 127.0.0.1:55028, starting MessageLoopAsync:
TpTrace Verbose: 0 : 12572, 10, 2023/07/02, 13:13:03.055, 1473240827246, vstest.console.dll, TcpClientExtensions.MessageLoopAsync: Polling on remoteEndPoint: 127.0.0.1:55029 localEndPoint: 127.0.0.1:55028
TpTrace Verbose: 0 : 12572, 10, 2023/07/02, 13:13:03.293, 1473243206444, vstest.console.dll, TcpClientExtensions.MessageLoopAsync: NotifyDataAvailable remoteEndPoint: 127.0.0.1:55029 localEndPoint: 127.0.0.1:55028
TpTrace Verbose: 0 : 12572, 10, 2023/07/02, 13:13:03.294, 1473243209814, vstest.console.dll, TestRequestSender.CheckVersionWithTestHost: onMessageReceived received message: (ProtocolVersion) -> 2
TpTrace Verbose: 0 : 12572, 10, 2023/07/02, 13:13:03.294, 1473243215555, vstest.console.dll, TcpClientExtensions.MessageLoopAsync: Polling on remoteEndPoint: 127.0.0.1:55029 localEndPoint: 127.0.0.1:55028
TpTrace Verbose: 0 : 12572, 4, 2023/07/02, 13:13:03.294, 1473243217381, vstest.console.dll, TestPluginCache.GetExtensionPaths: Filtered extension paths: 
TpTrace Verbose: 0 : 12572, 4, 2023/07/02, 13:13:03.294, 1473243218453, vstest.console.dll, TestPluginCache.GetExtensionPaths: Added default extension paths: C:\Program Files\dotnet\sdk\5.0.400\Extensions\Microsoft.Diagnostics.NETCore.Client.dll
C:\Program Files\dotnet\sdk\5.0.400\Extensions\Microsoft.TestPlatform.Extensions.BlameDataCollector.dll
C:\Program Files\dotnet\sdk\5.0.400\Extensions\Microsoft.TestPlatform.Extensions.EventLogCollector.dll
C:\Program Files\dotnet\sdk\5.0.400\Extensions\Microsoft.TestPlatform.TestHostRuntimeProvider.dll
C:\Program Files\dotnet\sdk\5.0.400\Extensions\Microsoft.VisualStudio.TestPlatform.Extensions.Html.TestLogger.dll
C:\Program Files\dotnet\sdk\5.0.400\Extensions\Microsoft.VisualStudio.TestPlatform.Extensions.Trx.TestLogger.dll
TpTrace Verbose: 0 : 12572, 4, 2023/07/02, 13:13:03.294, 1473243219412, vstest.console.dll, TestPluginCache.GetExtensionPaths: Added unfilterableExtensionPaths: 
TpTrace Verbose: 0 : 12572, 4, 2023/07/02, 13:13:03.299, 1473243262952, vstest.console.dll, TestRequestSender.InitializeExecution: Sending initializing execution with message: {"Version":2,"MessageType":"TestExecution.Initialize","Payload":["D:\\Learnings\\JSONFormatting\\Master\\JsonParser.Test\\bin\\Debug\\netcoreapp3.1\\fine-code-coverage\\build-output\\NUnit3.TestAdapter.dll"]}
TpTrace Verbose: 0 : 12572, 4, 2023/07/02, 13:13:03.311, 1473243389330, vstest.console.dll, TestRequestSender.StartTestRun: Sending test run with message: {"Version":2,"MessageType":"TestExecution.StartWithSources","Payload":{"AdapterSourceMap":{"_none_":["D:\\Learnings\\JSONFormatting\\Master\\JsonParser.Test\\bin\\Debug\\netcoreapp3.1\\fine-code-coverage\\build-output\\JsonParser.Test.dll"]},"RunSettings":"<RunSettings>\r\n  <RunConfiguration>\r\n    <ResultsDirectory>D:\\Learnings\\JSONFormatting\\Master\\JsonParser.Test\\bin\\Debug\\netcoreapp3.1\\fine-code-coverage\\coverage-tool-output</ResultsDirectory>\r\n    <TargetPlatform>X64</TargetPlatform>\r\n    <TargetFrameworkVersion>.NETCoreApp,Version=v3.1</TargetFrameworkVersion>\r\n    <DesignMode>False</DesignMode>\r\n    <CollectSourceInformation>False</CollectSourceInformation>\r\n  </RunConfiguration>\r\n  <LoggerRunSettings>\r\n    <Loggers>\r\n      <Logger friendlyName=\"blame\" enabled=\"True\" />\r\n      <Logger friendlyName=\"Console\" uri=\"logger://microsoft/TestPlatform/ConsoleLogger/v1\" assemblyQualifiedName=\"Microsoft.VisualStudio.TestPlatform.CommandLine.Internal.ConsoleLogger, vstest.console, Version=15.0.0.0, Culture=neutral, PublicKeyToken=b03f5f7f11d50a3a\" codeBase=\"C:\\Program Files\\dotnet\\sdk\\5.0.400\\vstest.console.dll\" enabled=\"True\" />\r\n    </Loggers>\r\n  </LoggerRunSettings>\r\n  <DataCollectionRunSettings>\r\n    <DataCollectors>\r\n      <DataCollector friendlyName=\"blame\" enabled=\"True\">\r\n        <Configuration>\r\n          <ResultsDirectory>D:\\Learnings\\JSONFormatting\\Master\\JsonParser.Test\\bin\\Debug\\netcoreapp3.1\\fine-code-coverage\\coverage-tool-output</ResultsDirectory>\r\n        </Configuration>\r\n      </DataCollector>\r\n    </DataCollectors>\r\n  </DataCollectionRunSettings>\r\n</RunSettings>","TestExecutionContext":{"FrequencyOfRunStatsChangeEvent":10,"RunStatsChangeEventTimeout":"00:00:01.5000000","InIsolation":false,"KeepAlive":false,"AreTestCaseLevelEventsRequired":false,"IsDebug":false,"TestCaseFilter":null,"FilterOptions":null},"Package":null}}
TpTrace Verbose: 0 : 12572, 10, 2023/07/02, 13:13:03.318, 1473243453185, vstest.console.dll, TcpClientExtensions.MessageLoopAsync: NotifyDataAvailable remoteEndPoint: 127.0.0.1:55029 localEndPoint: 127.0.0.1:55028
TpTrace Verbose: 0 : 12572, 10, 2023/07/02, 13:13:03.318, 1473243455675, vstest.console.dll, TestRequestSender.OnExecutionMessageReceived: Received message: {"Version":2,"MessageType":"TestSession.Message","Payload":{"MessageLevel":0,"Message":"Logging TestHost Diagnostics in file: D:\\Learnings\\JSONFormatting\\Master\\JsonParser.Test\\bin\\Debug\\netcoreapp3.1\\fine-code-coverage\\coverage-tool-output\\diagnostics.host.23-07-02_13-13-02_55617_4.log"}}
TpTrace Verbose: 0 : 12572, 10, 2023/07/02, 13:13:03.322, 1473243491921, vstest.console.dll, TestRunRequest:SendTestRunMessage: Starting.
TpTrace Information: 0 : 12572, 10, 2023/07/02, 13:13:03.322, 1473243494054, vstest.console.dll, TestRunRequest:SendTestRunMessage: Completed.
TpTrace Verbose: 0 : 12572, 10, 2023/07/02, 13:13:03.322, 1473243494852, vstest.console.dll, TcpClientExtensions.MessageLoopAsync: Polling on remoteEndPoint: 127.0.0.1:55029 localEndPoint: 127.0.0.1:55028
TpTrace Verbose: 0 : 12572, 10, 2023/07/02, 13:13:03.558, 1473245857755, vstest.console.dll, TcpClientExtensions.MessageLoopAsync: NotifyDataAvailable remoteEndPoint: 127.0.0.1:55029 localEndPoint: 127.0.0.1:55028
TpTrace Verbose: 0 : 12572, 10, 2023/07/02, 13:13:03.559, 1473245859680, vstest.console.dll, TestRequestSender.OnExecutionMessageReceived: Received message: {"Version":2,"MessageType":"TestSession.Message","Payload":{"MessageLevel":0,"Message":"NUnit Adapter 3.10.0.21: Test execution started"}}
TpTrace Verbose: 0 : 12572, 10, 2023/07/02, 13:13:03.559, 1473245863981, vstest.console.dll, TestRunRequest:SendTestRunMessage: Starting.
TpTrace Information: 0 : 12572, 10, 2023/07/02, 13:13:03.559, 1473245865528, vstest.console.dll, TestRunRequest:SendTestRunMessage: Completed.
TpTrace Verbose: 0 : 12572, 10, 2023/07/02, 13:13:03.559, 1473245866291, vstest.console.dll, TcpClientExtensions.MessageLoopAsync: Polling on remoteEndPoint: 127.0.0.1:55029 localEndPoint: 127.0.0.1:55028
TpTrace Verbose: 0 : 12572, 10, 2023/07/02, 13:13:03.574, 1473246018009, vstest.console.dll, TcpClientExtensions.MessageLoopAsync: NotifyDataAvailable remoteEndPoint: 127.0.0.1:55029 localEndPoint: 127.0.0.1:55028
TpTrace Verbose: 0 : 12572, 10, 2023/07/02, 13:13:03.575, 1473246019955, vstest.console.dll, TestRequestSender.OnExecutionMessageReceived: Received message: {"Version":2,"MessageType":"TestSession.Message","Payload":{"MessageLevel":0,"Message":"Running all tests in D:\\Learnings\\JSONFormatting\\Master\\JsonParser.Test\\bin\\Debug\\netcoreapp3.1\\fine-code-coverage\\build-output\\JsonParser.Test.dll"}}
TpTrace Verbose: 0 : 12572, 10, 2023/07/02, 13:13:03.575, 1473246023917, vstest.console.dll, TestRunRequest:SendTestRunMessage: Starting.
TpTrace Information: 0 : 12572, 10, 2023/07/02, 13:13:03.575, 1473246025319, vstest.console.dll, TestRunRequest:SendTestRunMessage: Completed.
TpTrace Verbose: 0 : 12572, 10, 2023/07/02, 13:13:03.575, 1473246026159, vstest.console.dll, TcpClientExtensions.MessageLoopAsync: Polling on remoteEndPoint: 127.0.0.1:55029 localEndPoint: 127.0.0.1:55028
TpTrace Verbose: 0 : 12572, 10, 2023/07/02, 13:13:03.796, 1473248230611, vstest.console.dll, TcpClientExtensions.MessageLoopAsync: NotifyDataAvailable remoteEndPoint: 127.0.0.1:55029 localEndPoint: 127.0.0.1:55028
TpTrace Verbose: 0 : 12572, 10, 2023/07/02, 13:13:03.796, 1473248232421, vstest.console.dll, TestRequestSender.OnExecutionMessageReceived: Received message: {"Version":2,"MessageType":"TestSession.Message","Payload":{"MessageLevel":0,"Message":"NUnit3TestExecutor converted 10 of 10 NUnit test cases"}}
TpTrace Verbose: 0 : 12572, 10, 2023/07/02, 13:13:03.796, 1473248235387, vstest.console.dll, TestRunRequest:SendTestRunMessage: Starting.
TpTrace Information: 0 : 12572, 10, 2023/07/02, 13:13:03.796, 1473248236612, vstest.console.dll, TestRunRequest:SendTestRunMessage: Completed.
TpTrace Verbose: 0 : 12572, 10, 2023/07/02, 13:13:03.796, 1473248237310, vstest.console.dll, TcpClientExtensions.MessageLoopAsync: Polling on remoteEndPoint: 127.0.0.1:55029 localEndPoint: 127.0.0.1:55028
TpTrace Verbose: 0 : 12572, 10, 2023/07/02, 13:13:04.093, 1473251206248, vstest.console.dll, TcpClientExtensions.MessageLoopAsync: NotifyDataAvailable remoteEndPoint: 127.0.0.1:55029 localEndPoint: 127.0.0.1:55028
TpTrace Verbose: 0 : 12572, 10, 2023/07/02, 13:13:04.099, 1473251261999, vstest.console.dll, TestRequestSender.OnExecutionMessageReceived: Received message: {"Version":2,"MessageType":"TestExecution.StatsChange","Payload":{"NewTestResults":[{"TestCase":{"Id":"4a84d087-de10-3f1c-3e2a-f69ea903de0a","FullyQualifiedName":"JsonParser.Test.AttributeFirstJsonTransformerTests.GetFirstObjectWhchIsThirdInOrderAsItISNonPremitieve","DisplayName":"GetFirstObjectWhchIsThirdInOrderAsItISNonPremitieve","ExecutorUri":"executor://NUnit3TestExecutor","Source":"D:\\Learnings\\JSONFormatting\\Master\\JsonParser.Test\\bin\\Debug\\netcoreapp3.1\\fine-code-coverage\\build-output\\JsonParser.Test.dll","CodeFilePath":null,"LineNumber":0,"Properties":[]},"Attachments":[],"Outcome":1,"ErrorMessage":null,"ErrorStackTrace":null,"DisplayName":"GetFirstObjectWhchIsThirdInOrderAsItISNonPremitieve","Messages":[],"ComputerName":"DESKTOP-B7R8QB3","Duration":"00:00:00.0792160","StartTime":"2023-07-02T07:43:03+00:00","EndTime":"2023-07-02T07:43:03+00:00","Properties":[]},{"TestCase":{"Id":"5f5c5804-f043-5d19-a67a-caa681351510","FullyQualifiedName":"JsonParser.Test.AttributeFirstJsonTransformerTests.GetFirstStringPremitieveProperties","DisplayName":"GetFirstStringPremitieveProperties","ExecutorUri":"executor://NUnit3TestExecutor","Source":"D:\\Learnings\\JSONFormatting\\Master\\JsonParser.Test\\bin\\Debug\\netcoreapp3.1\\fine-code-coverage\\build-output\\JsonParser.Test.dll","CodeFilePath":null,"LineNumber":0,"Properties":[]},"Attachments":[],"Outcome":1,"ErrorMessage":null,"ErrorStackTrace":null,"DisplayName":"GetFirstStringPremitieveProperties","Messages":[],"ComputerName":"DESKTOP-B7R8QB3","Duration":"00:00:00.0014550","StartTime":"2023-07-02T07:43:03+00:00","EndTime":"2023-07-02T07:43:03+00:00","Properties":[]},{"TestCase":{"Id":"68908c4d-ee7a-7aa3-f613-8b46068060e4","FullyQualifiedName":"JsonParser.Test.AttributeFirstJsonTransformerTests.GetWhenArraysInInput","DisplayName":"GetWhenArraysInInput","ExecutorUri":"executor://NUnit3TestExecutor","Source":"D:\\Learnings\\JSONFormatting\\Master\\JsonParser.Test\\bin\\Debug\\netcoreapp3.1\\fine-code-coverage\\build-output\\JsonParser.Test.dll","CodeFilePath":null,"LineNumber":0,"Properties":[]},"Attachments":[],"Outcome":1,"ErrorMessage":null,"ErrorStackTrace":null,"DisplayName":"GetWhenArraysInInput","Messages":[],"ComputerName":"DESKTOP-B7R8QB3","Duration":"00:00:00.0009640","StartTime":"2023-07-02T07:43:03+00:00","EndTime":"2023-07-02T07:43:03+00:00","Properties":[]},{"TestCase":{"Id":"32d68f74-6443-2c8b-687a-ac08dd79fbe5","FullyQualifiedName":"JsonParser.Test.AttributeFirstJsonTransformerTests.GetWhenObjectsArethereinsideAnObject_Like_Address_City_CODE","DisplayName":"GetWhenObjectsArethereinsideAnObject_Like_Address_City_CODE","ExecutorUri":"executor://NUnit3TestExecutor","Source":"D:\\Learnings\\JSONFormatting\\Master\\JsonParser.Test\\bin\\Debug\\netcoreapp3.1\\fine-code-coverage\\build-output\\JsonParser.Test.dll","CodeFilePath":null,"LineNumber":0,"Properties":[]},"Attachments":[],"Outcome":1,"ErrorMessage":null,"ErrorStackTrace":null,"DisplayName":"GetWhenObjectsArethereinsideAnObject_Like_Address_City_CODE","Messages":[],"ComputerName":"DESKTOP-B7R8QB3","Duration":"00:00:00.0010100","StartTime":"2023-07-02T07:43:03+00:00","EndTime":"2023-07-02T07:43:03+00:00","Properties":[]},{"TestCase":{"Id":"0e65e51f-afc7-e4c3-5ae1-0b0b01144d08","FullyQualifiedName":"JsonParser.Test.AttributeFirstJsonTransformerTests.WhenEmptyObjectThenEmptyObject","DisplayName":"WhenEmptyObjectThenEmptyObject","ExecutorUri":"executor://NUnit3TestExecutor","Source":"D:\\Learnings\\JSONFormatting\\Master\\JsonParser.Test\\bin\\Debug\\netcoreapp3.1\\fine-code-coverage\\build-output\\JsonParser.Test.dll","CodeFilePath":null,"LineNumber":0,"Properties":[]},"Attachments":[],"Outcome":1,"ErrorMessage":null,"ErrorStackTrace":null,"DisplayName":"WhenEmptyObjectThenEmptyObject","Messages":[],"ComputerName":"DESKTOP-B7R8QB3","Duration":"00:00:00.0006910","StartTime":"2023-07-02T07:43:03+00:00","EndTime":"2023-07-02T07:43:03+00:00","Properties":[]},{"TestCase":{"Id":"256db618-9f4e-2644-57f7-e13e3ea542b9","FullyQualifiedName":"JsonParser.Test.AttributeFirstJsonTransformerTests.WhenPremitievePropertiesComesFirst","DisplayName":"WhenPremitievePropertiesComesFirst","ExecutorUri":"executor://NUnit3TestExecutor","Source":"D:\\Learnings\\JSONFormatting\\Master\\JsonParser.Test\\bin\\Debug\\netcoreapp3.1\\fine-code-coverage\\build-output\\JsonParser.Test.dll","CodeFilePath":null,"LineNumber":0,"Properties":[]},"Attachments":[],"Outcome":1,"ErrorMessage":null,"ErrorStackTrace":null,"DisplayName":"WhenPremitievePropertiesComesFirst","Messages":[],"ComputerName":"DESKTOP-B7R8QB3","Duration":"00:00:00.0015250","StartTime":"2023-07-02T07:43:03+00:00","EndTime":"2023-07-02T07:43:03+00:00","Properties":[]},{"TestCase":{"Id":"0abed952-1332-d302-c031-35c42ffec545","FullyQualifiedName":"JsonParser.Test.JsonFormatterTest.JsonFormatterReturnsBytesStreamTest_ToCheck_ArrayType_IsAvailable_in_ReturnObject","DisplayName":"JsonFormatterReturnsBytesStreamTest_ToCheck_ArrayType_IsAvailable_in_ReturnObject","ExecutorUri":"executor://NUnit3TestExecutor","Source":"D:\\Learnings\\JSONFormatting\\Master\\JsonParser.Test\\bin\\Debug\\netcoreapp3.1\\fine-code-coverage\\build-output\\JsonParser.Test.dll","CodeFilePath":null,"LineNumber":0,"Properties":[]},"Attachments":[],"Outcome":1,"ErrorMessage":null,"ErrorStackTrace":null,"DisplayName":"JsonFormatterReturnsBytesStreamTest_ToCheck_ArrayType_IsAvailable_in_ReturnObject","Messages":[],"ComputerName":"DESKTOP-B7R8QB3","Duration":"00:00:00.0007600","StartTime":"2023-07-02T07:43:03+00:00","EndTime":"2023-07-02T07:43:03+00:00","Properties":[]},{"TestCase":{"Id":"b143ee6a-6ab7-d577-48fa-dae0cc439da5","FullyQualifiedName":"JsonParser.Test.JsonFormatterTest.JsonFormatterReturnsBytesStreamTest_ToCheck_CityObject_From_Addres_IsAvaialble_in_ReturnObject","DisplayName":"JsonFormatterReturnsBytesStreamTest_ToCheck_CityObject_From_Addres_IsAvaialble_in_ReturnObject","ExecutorUri":"executor://NUnit3TestExecutor","Source":"D:\\Learnings\\JSONFormatting\\Master\\JsonParser.Test\\bin\\Debug\\netcoreapp3.1\\fine-code-coverage\\build-output\\JsonParser.Test.dll","CodeFilePath":null,"LineNumber":0,"Properties":[]},"Attachments":[],"Outcome":1,"ErrorMessage":null,"ErrorStackTrace":null,"DisplayName":"JsonFormatterReturnsBytesStreamTest_ToCheck_CityObject_From_Addres_IsAvaialble_in_ReturnObject","Messages":[],"ComputerName":"DESKTOP-B7R8QB3","Duration":"00:00:00.0005480","StartTime":"2023-07-02T07:43:03+00:00","EndTime":"2023-07-02T07:43:03+00:00","Properties":[]},{"TestCase":{"Id":"475aeece-53f7-07d1-b8d5-1a96ce8c809b","FullyQualifiedName":"JsonParser.Test.JsonFormatterTest.JsonFormatterReturnsBytesStreamTest_ToCheck_StreetName_FromAddres_IsAvaialble_in_ReturnObject","DisplayName":"JsonFormatterReturnsBytesStreamTest_ToCheck_StreetName_FromAddres_IsAvaialble_in_ReturnObject","ExecutorUri":"executor://NUnit3TestExecutor","Source":"D:\\Learnings\\JSONFormatting\\Master\\JsonParser.Test\\bin\\Debug\\netcoreapp3.1\\fine-code-coverage\\build-output\\JsonParser.Test.dll","CodeFilePath":null,"LineNumber":0,"Properties":[]},"Attachments":[],"Outcome":1,"ErrorMessage":null,"ErrorStackTrace":null,"DisplayName":"JsonFormatterReturnsBytesStreamTest_ToCheck_StreetName_FromAddres_IsAvaialble_in_ReturnObject","Messages":[],"ComputerName":"DESKTOP-B7R8QB3","Duration":"00:00:00.0004970","StartTime":"2023-07-02T07:43:03+00:00","EndTime":"2023-07-02T07:43:03+00:00","Properties":[]}],"TestRunStatistics":{"ExecutedTests":9,"Stats":{"Passed":9}},"ActiveTests":[{"Id":"04470dc1-ccae-ba12-398e-6c2f91312140","FullyQualifiedName":"JsonParser.Test.JsonFormatterTest.JsonFormatterReturnsBytesStreamTest_ToCheckFirstNameIsAvaialbleinReturnObject","DisplayName":"JsonFormatterReturnsBytesStreamTest_ToCheckFirstNameIsAvaialbleinReturnObject","ExecutorUri":"executor://NUnit3TestExecutor","Source":"D:\\Learnings\\JSONFormatting\\Master\\JsonParser.Test\\bin\\Debug\\netcoreapp3.1\\fine-code-coverage\\build-output\\JsonParser.Test.dll","CodeFilePath":null,"LineNumber":0,"Properties":[]}]}}
TpTrace Verbose: 0 : 12572, 10, 2023/07/02, 13:13:04.152, 1473251796770, vstest.console.dll, TestRunRequest:SendTestRunStatsChange: Starting.
TpTrace Verbose: 0 : 12572, 10, 2023/07/02, 13:13:04.152, 1473251798996, vstest.console.dll, InProgress is JsonFormatterReturnsBytesStreamTest_ToCheckFirstNameIsAvaialbleinReturnObject
TpTrace Information: 0 : 12572, 10, 2023/07/02, 13:13:04.153, 1473251802403, vstest.console.dll, TestRunRequest:SendTestRunStatsChange: Completed.
TpTrace Verbose: 0 : 12572, 10, 2023/07/02, 13:13:04.153, 1473251803238, vstest.console.dll, TcpClientExtensions.MessageLoopAsync: Polling on remoteEndPoint: 127.0.0.1:55029 localEndPoint: 127.0.0.1:55028
TpTrace Verbose: 0 : 12572, 10, 2023/07/02, 13:13:04.153, 1473251804016, vstest.console.dll, TcpClientExtensions.MessageLoopAsync: NotifyDataAvailable remoteEndPoint: 127.0.0.1:55029 localEndPoint: 127.0.0.1:55028
TpTrace Verbose: 0 : 12572, 10, 2023/07/02, 13:13:04.153, 1473251804985, vstest.console.dll, TestRequestSender.OnExecutionMessageReceived: Received message: {"Version":2,"MessageType":"TestSession.Message","Payload":{"MessageLevel":0,"Message":"NUnit Adapter 3.10.0.21: Test execution complete"}}
TpTrace Verbose: 0 : 12572, 10, 2023/07/02, 13:13:04.153, 1473251807898, vstest.console.dll, TestRunRequest:SendTestRunMessage: Starting.
TpTrace Information: 0 : 12572, 10, 2023/07/02, 13:13:04.153, 1473251808917, vstest.console.dll, TestRunRequest:SendTestRunMessage: Completed.
TpTrace Verbose: 0 : 12572, 10, 2023/07/02, 13:13:04.154, 1473251809581, vstest.console.dll, TcpClientExtensions.MessageLoopAsync: Polling on remoteEndPoint: 127.0.0.1:55029 localEndPoint: 127.0.0.1:55028
TpTrace Verbose: 0 : 12572, 10, 2023/07/02, 13:13:04.156, 1473251834780, vstest.console.dll, TcpClientExtensions.MessageLoopAsync: NotifyDataAvailable remoteEndPoint: 127.0.0.1:55029 localEndPoint: 127.0.0.1:55028
TpTrace Verbose: 0 : 12572, 10, 2023/07/02, 13:13:04.156, 1473251836757, vstest.console.dll, TestRequestSender.OnExecutionMessageReceived: Received message: {"Version":2,"MessageType":"TestExecution.Completed","Payload":{"TestRunCompleteArgs":{"TestRunStatistics":{"ExecutedTests":10,"Stats":{"Passed":10}},"IsCanceled":false,"IsAborted":false,"Error":null,"AttachmentSets":[],"ElapsedTimeInRunningTests":"00:00:00.6041590","Metrics":{}},"LastRunTests":{"NewTestResults":[{"TestCase":{"Id":"04470dc1-ccae-ba12-398e-6c2f91312140","FullyQualifiedName":"JsonParser.Test.JsonFormatterTest.JsonFormatterReturnsBytesStreamTest_ToCheckFirstNameIsAvaialbleinReturnObject","DisplayName":"JsonFormatterReturnsBytesStreamTest_ToCheckFirstNameIsAvaialbleinReturnObject","ExecutorUri":"executor://NUnit3TestExecutor","Source":"D:\\Learnings\\JSONFormatting\\Master\\JsonParser.Test\\bin\\Debug\\netcoreapp3.1\\fine-code-coverage\\build-output\\JsonParser.Test.dll","CodeFilePath":null,"LineNumber":0,"Properties":[]},"Attachments":[],"Outcome":1,"ErrorMessage":null,"ErrorStackTrace":null,"DisplayName":"JsonFormatterReturnsBytesStreamTest_ToCheckFirstNameIsAvaialbleinReturnObject","Messages":[],"ComputerName":"DESKTOP-B7R8QB3","Duration":"00:00:00.0005040","StartTime":"2023-07-02T07:43:03+00:00","EndTime":"2023-07-02T07:43:03+00:00","Properties":[]}],"TestRunStatistics":{"ExecutedTests":10,"Stats":{"Passed":10}},"ActiveTests":[]},"RunAttachments":[],"ExecutorUris":["executor://nunit3testexecutor/"]}}
TpTrace Verbose: 0 : 12572, 10, 2023/07/02, 13:13:04.157, 1473251839667, vstest.console.dll, TestRequestSender.EndSession: Sending end session.
TpTrace Verbose: 0 : 12572, 10, 2023/07/02, 13:13:04.157, 1473251841627, vstest.console.dll, ProxyOperationManager.Close: waiting for test host to exit for 100 ms
TpTrace Warning: 0 : 12572, 6, 2023/07/02, 13:13:04.205, 1473252324183, vstest.console.dll, TestHostManagerCallbacks.ErrorReceivedCallback Test host standard error line: 
TpTrace Verbose: 0 : 12572, 7, 2023/07/02, 13:13:04.215, 1473252425161, vstest.console.dll, TestHostProvider.ExitCallBack: Host exited starting callback.
TpTrace Information: 0 : 12572, 7, 2023/07/02, 13:13:04.216, 1473252433607, vstest.console.dll, TestHostManagerCallbacks.ExitCallBack: Testhost processId: 20652 exited with exitcode: 0 error: ''
TpTrace Verbose: 0 : 12572, 7, 2023/07/02, 13:13:04.216, 1473252434767, vstest.console.dll, DotnetTestHostManager.OnHostExited: invoking OnHostExited callback
TpTrace Verbose: 0 : 12572, 7, 2023/07/02, 13:13:04.216, 1473252435503, vstest.console.dll, CrossPlatEngine.TestHostManagerHostExited: calling on client process exit callback.
TpTrace Warning: 0 : 12572, 10, 2023/07/02, 13:13:04.216, 1473252436237, vstest.console.dll, ProxyOperationManager: Timed out waiting for test host to exit. Will terminate process.
TpTrace Information: 0 : 12572, 7, 2023/07/02, 13:13:04.216, 1473252436238, vstest.console.dll, TestRequestSender.OnClientProcessExit: Test host process exited. Standard error: 
TpTrace Information: 0 : 12572, 7, 2023/07/02, 13:13:04.216, 1473252437902, vstest.console.dll, SocketServer.Stop: Stop server endPoint: 127.0.0.1:55028
TpTrace Information: 0 : 12572, 7, 2023/07/02, 13:13:04.216, 1473252438456, vstest.console.dll, SocketServer.Stop: Cancellation requested. Stopping message loop.
TpTrace Verbose: 0 : 12572, 10, 2023/07/02, 13:13:04.217, 1473252445409, vstest.console.dll, ProxyDataCollectionManager.InvokeDataCollectionServiceAction: Starting.
TpTrace Information: 0 : 12572, 10, 2023/07/02, 13:13:04.217, 1473252446493, vstest.console.dll, ProxyDataCollectionManager.AfterTestRunEnd: Get attachment set for datacollector processId: 29024 port: 55024
TpTrace Verbose: 0 : 12572, 10, 2023/07/02, 13:13:04.217, 1473252447445, vstest.console.dll, DataCollectionRequestSender.SendAfterTestRunStartAndGetResult : Send AfterTestRunEnd message with isCancelled: False
TpTrace Verbose: 0 : 12572, 10, 2023/07/02, 13:13:04.224, 1473252518902, vstest.console.dll, DataCollectionRequestSender.SendAfterTestRunStartAndGetResult : Received message: (DataCollection.AfterTestRunEndResult) -> {
  "AttachmentSets": [],
  "Metrics": {}
}
TpTrace Information: 0 : 12572, 10, 2023/07/02, 13:13:04.229, 1473252562660, vstest.console.dll, ProxyDataCollectionManager.InvokeDataCollectionServiceAction: Completed.
TpTrace Warning: 0 : 12572, 9, 2023/07/02, 13:13:04.241, 1473252681476, vstest.console.dll, DataCollectionLauncher.ErrorReceivedCallback datacollector standard error line: 
TpTrace Information: 0 : 12572, 7, 2023/07/02, 13:13:04.249, 1473252760822, vstest.console.dll, DataCollectionLauncher.ExitCallBack: Data collector exited with exitcode: 0 error: ''
TpTrace Verbose: 0 : 12572, 10, 2023/07/02, 13:13:04.270, 1473252974848, vstest.console.dll, TestRunRequest:SendTestRunStatsChange: Starting.
TpTrace Information: 0 : 12572, 10, 2023/07/02, 13:13:04.270, 1473252976417, vstest.console.dll, TestRunRequest:SendTestRunStatsChange: Completed.
TpTrace Verbose: 0 : 12572, 10, 2023/07/02, 13:13:04.270, 1473252979257, vstest.console.dll, ParallelProxyExecutionManager: HandlePartialRunComplete: Total completed clients = 1, Run complete = True, Run canceled: False.
TpTrace Verbose: 0 : 12572, 10, 2023/07/02, 13:13:04.315, 1473253426279, vstest.console.dll, TestRunRequest:TestRunComplete: Starting. IsAborted:False IsCanceled:False.
TpTrace Verbose: 0 : 12572, 10, 2023/07/02, 13:13:04.316, 1473253429598, vstest.console.dll, TestLoggerManager.HandleTestRunComplete: Ignoring as the object is disposed.
TpTrace Information: 0 : 12572, 10, 2023/07/02, 13:13:04.316, 1473253434433, vstest.console.dll, TestRunRequest:TestRunComplete: Completed.
TpTrace Verbose: 0 : 12572, 1, 2023/07/02, 13:13:04.316, 1473253434744, vstest.console.dll, TestRunRequest.Dispose: Starting.
TpTrace Verbose: 0 : 12572, 10, 2023/07/02, 13:13:04.316, 1473253435733, vstest.console.dll, TestRequestSender.SetOperationComplete: Setting operation complete.
TpTrace Information: 0 : 12572, 1, 2023/07/02, 13:13:04.316, 1473253436751, vstest.console.dll, TestRunRequest.Dispose: Completed.
TpTrace Information: 0 : 12572, 10, 2023/07/02, 13:13:04.316, 1473253437363, vstest.console.dll, SocketServer.Stop: Stop server endPoint: 127.0.0.1:55028
TpTrace Information: 0 : 12572, 1, 2023/07/02, 13:13:04.316, 1473253438310, vstest.console.dll, TestRequestManager.RunTests: run tests completed.
TpTrace Information: 0 : 12572, 10, 2023/07/02, 13:13:04.316, 1473253438783, vstest.console.dll, SocketServer.Stop: Cancellation requested. Stopping message loop.
TpTrace Information: 0 : 12572, 10, 2023/07/02, 13:13:04.317, 1473253440304, vstest.console.dll, SocketServer.PrivateStop: Stop server endPoint: 127.0.0.1:55028 error: 
TpTrace Information: 0 : 12572, 1, 2023/07/02, 13:13:04.317, 1473253440298, vstest.console.dll, RunTestsArgumentProcessor:Execute: Test run is completed.
TpTrace Verbose: 0 : 12572, 1, 2023/07/02, 13:13:04.317, 1473253444359, vstest.console.dll, Executor.Execute: Exiting with exit code of 0
TpTrace Verbose: 0 : 12572, 10, 2023/07/02, 13:13:04.317, 1473253448645, vstest.console.dll, LengthPrefixCommunicationChannel.Dispose: Dispose reader and writer.
TpTrace Information: 0 : 12572, 10, 2023/07/02, 13:13:04.318, 1473253449959, vstest.console.dll, SocketServer.Stop: Raise disconnected event endPoint: 127.0.0.1:55028 error: 
TpTrace Verbose: 0 : 12572, 10, 2023/07/02, 13:13:04.318, 1473253450822, vstest.console.dll, TestRequestSender: OnTestRunAbort: Operation is already complete. Skip error message.
TpTrace Verbose: 0 : 12572, 10, 2023/07/02, 13:13:04.318, 1473253451273, vstest.console.dll, TcpClientExtensions.MessageLoopAsync: exiting MessageLoopAsync remoteEndPoint: 127.0.0.1:55029 localEndPoint: 127.0.0.1:55028
